## Footprint report - date Saturday, December 30, 2023 at 01:14:54 PM
## Created by KiCad version 7.0.9
## Unit = mm, Angle = deg.

$BeginDESCRIPTION

$BOARD
upper_left_corner 100.576047 11.599143
lower_right_corner 232.587953 141.699143
$EndBOARD

$MODULE ADSB_Serial_1
footprint Connector_Dsub:DSUB-9_Male_Vertical_P2.77x2.84mm_MountingHoles
attribut none
position 141.582000 26.649100  orientation 0.00
layer front
$PAD "0"
Shape Circle Layer both
position -6.960000  1.420000  size  4.000000  4.000000  orientation 0.00
drill  3.200000
shape_offset  0.000000  0.000000
$EndPAD
$PAD "0"
Shape Circle Layer both
position 18.040000  1.420000  size  4.000000  4.000000  orientation 0.00
drill  3.200000
shape_offset  0.000000  0.000000
$EndPAD
$PAD "1"
Shape Rect Layer both
position  0.000000  0.000000  size  1.600000  1.600000  orientation 0.00
drill  1.000000
shape_offset  0.000000  0.000000
$EndPAD
$PAD "2"
Shape Circle Layer both
position  2.770000  0.000000  size  1.600000  1.600000  orientation 0.00
drill  1.000000
shape_offset  0.000000  0.000000
$EndPAD
$PAD "3"
Shape Circle Layer both
position  5.540000  0.000000  size  1.600000  1.600000  orientation 0.00
drill  1.000000
shape_offset  0.000000  0.000000
$EndPAD
$PAD "4"
Shape Circle Layer both
position  8.310000  0.000000  size  1.600000  1.600000  orientation 0.00
drill  1.000000
shape_offset  0.000000  0.000000
$EndPAD
$PAD "5"
Shape Circle Layer both
position 11.080000  0.000000  size  1.600000  1.600000  orientation 0.00
drill  1.000000
shape_offset  0.000000  0.000000
$EndPAD
$PAD "6"
Shape Circle Layer both
position  1.385000  2.840000  size  1.600000  1.600000  orientation 0.00
drill  1.000000
shape_offset  0.000000  0.000000
$EndPAD
$PAD "7"
Shape Circle Layer both
position  4.155000  2.840000  size  1.600000  1.600000  orientation 0.00
drill  1.000000
shape_offset  0.000000  0.000000
$EndPAD
$PAD "8"
Shape Circle Layer both
position  6.925000  2.840000  size  1.600000  1.600000  orientation 0.00
drill  1.000000
shape_offset  0.000000  0.000000
$EndPAD
$PAD "9"
Shape Circle Layer both
position  9.695000  2.840000  size  1.600000  1.600000  orientation 0.00
drill  1.000000
shape_offset  0.000000  0.000000
$EndPAD
$EndMODULE  ADSB_Serial_1

$MODULE AP_Pitch_SV_Net_1
footprint Connector_Dsub:DSUB-9_Male_Vertical_P2.77x2.84mm_MountingHoles
attribut none
position 192.586200 46.285200  orientation 180.00
layer front
$PAD "0"
Shape Circle Layer both
position -6.960000  1.420000  size  4.000000  4.000000  orientation 0.00
drill  3.200000
shape_offset  0.000000  0.000000
$EndPAD
$PAD "0"
Shape Circle Layer both
position 18.040000  1.420000  size  4.000000  4.000000  orientation 0.00
drill  3.200000
shape_offset  0.000000  0.000000
$EndPAD
$PAD "1"
Shape Rect Layer both
position  0.000000  0.000000  size  1.600000  1.600000  orientation 0.00
drill  1.000000
shape_offset  0.000000  0.000000
$EndPAD
$PAD "2"
Shape Circle Layer both
position  2.770000  0.000000  size  1.600000  1.600000  orientation 0.00
drill  1.000000
shape_offset  0.000000  0.000000
$EndPAD
$PAD "3"
Shape Circle Layer both
position  5.540000  0.000000  size  1.600000  1.600000  orientation 0.00
drill  1.000000
shape_offset  0.000000  0.000000
$EndPAD
$PAD "4"
Shape Circle Layer both
position  8.310000  0.000000  size  1.600000  1.600000  orientation 0.00
drill  1.000000
shape_offset  0.000000  0.000000
$EndPAD
$PAD "5"
Shape Circle Layer both
position 11.080000  0.000000  size  1.600000  1.600000  orientation 0.00
drill  1.000000
shape_offset  0.000000  0.000000
$EndPAD
$PAD "6"
Shape Circle Layer both
position  1.385000  2.840000  size  1.600000  1.600000  orientation 0.00
drill  1.000000
shape_offset  0.000000  0.000000
$EndPAD
$PAD "7"
Shape Circle Layer both
position  4.155000  2.840000  size  1.600000  1.600000  orientation 0.00
drill  1.000000
shape_offset  0.000000  0.000000
$EndPAD
$PAD "8"
Shape Circle Layer both
position  6.925000  2.840000  size  1.600000  1.600000  orientation 0.00
drill  1.000000
shape_offset  0.000000  0.000000
$EndPAD
$PAD "9"
Shape Circle Layer both
position  9.695000  2.840000  size  1.600000  1.600000  orientation 0.00
drill  1.000000
shape_offset  0.000000  0.000000
$EndPAD
$EndMODULE  AP_Pitch_SV_Net_1

$MODULE AP_Roll_SV_Net_2
footprint Connector_Dsub:DSUB-9_Male_Vertical_P2.77x2.84mm_MountingHoles
attribut none
position 192.586200 29.285200  orientation 180.00
layer front
$PAD "0"
Shape Circle Layer both
position -6.960000  1.420000  size  4.000000  4.000000  orientation 0.00
drill  3.200000
shape_offset  0.000000  0.000000
$EndPAD
$PAD "0"
Shape Circle Layer both
position 18.040000  1.420000  size  4.000000  4.000000  orientation 0.00
drill  3.200000
shape_offset  0.000000  0.000000
$EndPAD
$PAD "1"
Shape Rect Layer both
position  0.000000  0.000000  size  1.600000  1.600000  orientation 0.00
drill  1.000000
shape_offset  0.000000  0.000000
$EndPAD
$PAD "2"
Shape Circle Layer both
position  2.770000  0.000000  size  1.600000  1.600000  orientation 0.00
drill  1.000000
shape_offset  0.000000  0.000000
$EndPAD
$PAD "3"
Shape Circle Layer both
position  5.540000  0.000000  size  1.600000  1.600000  orientation 0.00
drill  1.000000
shape_offset  0.000000  0.000000
$EndPAD
$PAD "4"
Shape Circle Layer both
position  8.310000  0.000000  size  1.600000  1.600000  orientation 0.00
drill  1.000000
shape_offset  0.000000  0.000000
$EndPAD
$PAD "5"
Shape Circle Layer both
position 11.080000  0.000000  size  1.600000  1.600000  orientation 0.00
drill  1.000000
shape_offset  0.000000  0.000000
$EndPAD
$PAD "6"
Shape Circle Layer both
position  1.385000  2.840000  size  1.600000  1.600000  orientation 0.00
drill  1.000000
shape_offset  0.000000  0.000000
$EndPAD
$PAD "7"
Shape Circle Layer both
position  4.155000  2.840000  size  1.600000  1.600000  orientation 0.00
drill  1.000000
shape_offset  0.000000  0.000000
$EndPAD
$PAD "8"
Shape Circle Layer both
position  6.925000  2.840000  size  1.600000  1.600000  orientation 0.00
drill  1.000000
shape_offset  0.000000  0.000000
$EndPAD
$PAD "9"
Shape Circle Layer both
position  9.695000  2.840000  size  1.600000  1.600000  orientation 0.00
drill  1.000000
shape_offset  0.000000  0.000000
$EndPAD
$EndMODULE  AP_Roll_SV_Net_2

$MODULE Dimmer_&_Audio_Output_1
footprint Connector_Dsub:DSUB-9_Male_Vertical_P2.77x2.84mm_MountingHoles
attribut none
position 181.582000 111.649100  orientation 0.00
layer front
$PAD "0"
Shape Circle Layer both
position -6.960000  1.420000  size  4.000000  4.000000  orientation 0.00
drill  3.200000
shape_offset  0.000000  0.000000
$EndPAD
$PAD "0"
Shape Circle Layer both
position 18.040000  1.420000  size  4.000000  4.000000  orientation 0.00
drill  3.200000
shape_offset  0.000000  0.000000
$EndPAD
$PAD "1"
Shape Rect Layer both
position  0.000000  0.000000  size  1.600000  1.600000  orientation 0.00
drill  1.000000
shape_offset  0.000000  0.000000
$EndPAD
$PAD "2"
Shape Circle Layer both
position  2.770000  0.000000  size  1.600000  1.600000  orientation 0.00
drill  1.000000
shape_offset  0.000000  0.000000
$EndPAD
$PAD "3"
Shape Circle Layer both
position  5.540000  0.000000  size  1.600000  1.600000  orientation 0.00
drill  1.000000
shape_offset  0.000000  0.000000
$EndPAD
$PAD "4"
Shape Circle Layer both
position  8.310000  0.000000  size  1.600000  1.600000  orientation 0.00
drill  1.000000
shape_offset  0.000000  0.000000
$EndPAD
$PAD "5"
Shape Circle Layer both
position 11.080000  0.000000  size  1.600000  1.600000  orientation 0.00
drill  1.000000
shape_offset  0.000000  0.000000
$EndPAD
$PAD "6"
Shape Circle Layer both
position  1.385000  2.840000  size  1.600000  1.600000  orientation 0.00
drill  1.000000
shape_offset  0.000000  0.000000
$EndPAD
$PAD "7"
Shape Circle Layer both
position  4.155000  2.840000  size  1.600000  1.600000  orientation 0.00
drill  1.000000
shape_offset  0.000000  0.000000
$EndPAD
$PAD "8"
Shape Circle Layer both
position  6.925000  2.840000  size  1.600000  1.600000  orientation 0.00
drill  1.000000
shape_offset  0.000000  0.000000
$EndPAD
$PAD "9"
Shape Circle Layer both
position  9.695000  2.840000  size  1.600000  1.600000  orientation 0.00
drill  1.000000
shape_offset  0.000000  0.000000
$EndPAD
$EndMODULE  Dimmer_&_Audio_Output_1

$MODULE ELT_Serial_4
footprint Connector_Dsub:DSUB-9_Male_Vertical_P2.77x2.84mm_MountingHoles
attribut none
position 141.582000 77.649100  orientation 0.00
layer front
$PAD "0"
Shape Circle Layer both
position -6.960000  1.420000  size  4.000000  4.000000  orientation 0.00
drill  3.200000
shape_offset  0.000000  0.000000
$EndPAD
$PAD "0"
Shape Circle Layer both
position 18.040000  1.420000  size  4.000000  4.000000  orientation 0.00
drill  3.200000
shape_offset  0.000000  0.000000
$EndPAD
$PAD "1"
Shape Rect Layer both
position  0.000000  0.000000  size  1.600000  1.600000  orientation 0.00
drill  1.000000
shape_offset  0.000000  0.000000
$EndPAD
$PAD "2"
Shape Circle Layer both
position  2.770000  0.000000  size  1.600000  1.600000  orientation 0.00
drill  1.000000
shape_offset  0.000000  0.000000
$EndPAD
$PAD "3"
Shape Circle Layer both
position  5.540000  0.000000  size  1.600000  1.600000  orientation 0.00
drill  1.000000
shape_offset  0.000000  0.000000
$EndPAD
$PAD "4"
Shape Circle Layer both
position  8.310000  0.000000  size  1.600000  1.600000  orientation 0.00
drill  1.000000
shape_offset  0.000000  0.000000
$EndPAD
$PAD "5"
Shape Circle Layer both
position 11.080000  0.000000  size  1.600000  1.600000  orientation 0.00
drill  1.000000
shape_offset  0.000000  0.000000
$EndPAD
$PAD "6"
Shape Circle Layer both
position  1.385000  2.840000  size  1.600000  1.600000  orientation 0.00
drill  1.000000
shape_offset  0.000000  0.000000
$EndPAD
$PAD "7"
Shape Circle Layer both
position  4.155000  2.840000  size  1.600000  1.600000  orientation 0.00
drill  1.000000
shape_offset  0.000000  0.000000
$EndPAD
$PAD "8"
Shape Circle Layer both
position  6.925000  2.840000  size  1.600000  1.600000  orientation 0.00
drill  1.000000
shape_offset  0.000000  0.000000
$EndPAD
$PAD "9"
Shape Circle Layer both
position  9.695000  2.840000  size  1.600000  1.600000  orientation 0.00
drill  1.000000
shape_offset  0.000000  0.000000
$EndPAD
$EndMODULE  ELT_Serial_4

$MODULE GPS_Serial_5
footprint Connector_Dsub:DSUB-9_Male_Vertical_P2.77x2.84mm_MountingHoles
attribut none
position 141.582000 94.649100  orientation 0.00
layer front
$PAD "0"
Shape Circle Layer both
position -6.960000  1.420000  size  4.000000  4.000000  orientation 0.00
drill  3.200000
shape_offset  0.000000  0.000000
$EndPAD
$PAD "0"
Shape Circle Layer both
position 18.040000  1.420000  size  4.000000  4.000000  orientation 0.00
drill  3.200000
shape_offset  0.000000  0.000000
$EndPAD
$PAD "1"
Shape Rect Layer both
position  0.000000  0.000000  size  1.600000  1.600000  orientation 0.00
drill  1.000000
shape_offset  0.000000  0.000000
$EndPAD
$PAD "2"
Shape Circle Layer both
position  2.770000  0.000000  size  1.600000  1.600000  orientation 0.00
drill  1.000000
shape_offset  0.000000  0.000000
$EndPAD
$PAD "3"
Shape Circle Layer both
position  5.540000  0.000000  size  1.600000  1.600000  orientation 0.00
drill  1.000000
shape_offset  0.000000  0.000000
$EndPAD
$PAD "4"
Shape Circle Layer both
position  8.310000  0.000000  size  1.600000  1.600000  orientation 0.00
drill  1.000000
shape_offset  0.000000  0.000000
$EndPAD
$PAD "5"
Shape Circle Layer both
position 11.080000  0.000000  size  1.600000  1.600000  orientation 0.00
drill  1.000000
shape_offset  0.000000  0.000000
$EndPAD
$PAD "6"
Shape Circle Layer both
position  1.385000  2.840000  size  1.600000  1.600000  orientation 0.00
drill  1.000000
shape_offset  0.000000  0.000000
$EndPAD
$PAD "7"
Shape Circle Layer both
position  4.155000  2.840000  size  1.600000  1.600000  orientation 0.00
drill  1.000000
shape_offset  0.000000  0.000000
$EndPAD
$PAD "8"
Shape Circle Layer both
position  6.925000  2.840000  size  1.600000  1.600000  orientation 0.00
drill  1.000000
shape_offset  0.000000  0.000000
$EndPAD
$PAD "9"
Shape Circle Layer both
position  9.695000  2.840000  size  1.600000  1.600000  orientation 0.00
drill  1.000000
shape_offset  0.000000  0.000000
$EndPAD
$EndMODULE  GPS_Serial_5

$MODULE Ident_&_Dimmer_Input_1
footprint Connector_Dsub:DSUB-9_Male_Vertical_P2.77x2.84mm_MountingHoles
attribut none
position 141.582000 111.649100  orientation 0.00
layer front
$PAD "0"
Shape Circle Layer both
position -6.960000  1.420000  size  4.000000  4.000000  orientation 0.00
drill  3.200000
shape_offset  0.000000  0.000000
$EndPAD
$PAD "0"
Shape Circle Layer both
position 18.040000  1.420000  size  4.000000  4.000000  orientation 0.00
drill  3.200000
shape_offset  0.000000  0.000000
$EndPAD
$PAD "1"
Shape Rect Layer both
position  0.000000  0.000000  size  1.600000  1.600000  orientation 0.00
drill  1.000000
shape_offset  0.000000  0.000000
$EndPAD
$PAD "2"
Shape Circle Layer both
position  2.770000  0.000000  size  1.600000  1.600000  orientation 0.00
drill  1.000000
shape_offset  0.000000  0.000000
$EndPAD
$PAD "3"
Shape Circle Layer both
position  5.540000  0.000000  size  1.600000  1.600000  orientation 0.00
drill  1.000000
shape_offset  0.000000  0.000000
$EndPAD
$PAD "4"
Shape Circle Layer both
position  8.310000  0.000000  size  1.600000  1.600000  orientation 0.00
drill  1.000000
shape_offset  0.000000  0.000000
$EndPAD
$PAD "5"
Shape Circle Layer both
position 11.080000  0.000000  size  1.600000  1.600000  orientation 0.00
drill  1.000000
shape_offset  0.000000  0.000000
$EndPAD
$PAD "6"
Shape Circle Layer both
position  1.385000  2.840000  size  1.600000  1.600000  orientation 0.00
drill  1.000000
shape_offset  0.000000  0.000000
$EndPAD
$PAD "7"
Shape Circle Layer both
position  4.155000  2.840000  size  1.600000  1.600000  orientation 0.00
drill  1.000000
shape_offset  0.000000  0.000000
$EndPAD
$PAD "8"
Shape Circle Layer both
position  6.925000  2.840000  size  1.600000  1.600000  orientation 0.00
drill  1.000000
shape_offset  0.000000  0.000000
$EndPAD
$PAD "9"
Shape Circle Layer both
position  9.695000  2.840000  size  1.600000  1.600000  orientation 0.00
drill  1.000000
shape_offset  0.000000  0.000000
$EndPAD
$EndMODULE  Ident_&_Dimmer_Input_1

$MODULE MFD_Main_2
footprint Connector_Dsub:DSUB-37_Male_Vertical_P2.77x2.84mm_MountingHoles
attribut none
position 216.582000 91.649100  orientation 90.00
layer front
$PAD "0"
Shape Circle Layer both
position -6.820000  1.420000  size  4.000000  4.000000  orientation 0.00
drill  3.200000
shape_offset  0.000000  0.000000
$EndPAD
$PAD "0"
Shape Circle Layer both
position 56.680000  1.420000  size  4.000000  4.000000  orientation 0.00
drill  3.200000
shape_offset  0.000000  0.000000
$EndPAD
$PAD "1"
Shape Rect Layer both
position  0.000000  0.000000  size  1.600000  1.600000  orientation 0.00
drill  1.000000
shape_offset  0.000000  0.000000
$EndPAD
$PAD "2"
Shape Circle Layer both
position  2.770000  0.000000  size  1.600000  1.600000  orientation 0.00
drill  1.000000
shape_offset  0.000000  0.000000
$EndPAD
$PAD "3"
Shape Circle Layer both
position  5.540000  0.000000  size  1.600000  1.600000  orientation 0.00
drill  1.000000
shape_offset  0.000000  0.000000
$EndPAD
$PAD "4"
Shape Circle Layer both
position  8.310000  0.000000  size  1.600000  1.600000  orientation 0.00
drill  1.000000
shape_offset  0.000000  0.000000
$EndPAD
$PAD "5"
Shape Circle Layer both
position 11.080000  0.000000  size  1.600000  1.600000  orientation 0.00
drill  1.000000
shape_offset  0.000000  0.000000
$EndPAD
$PAD "6"
Shape Circle Layer both
position 13.850000  0.000000  size  1.600000  1.600000  orientation 0.00
drill  1.000000
shape_offset  0.000000  0.000000
$EndPAD
$PAD "7"
Shape Circle Layer both
position 16.620000  0.000000  size  1.600000  1.600000  orientation 0.00
drill  1.000000
shape_offset  0.000000  0.000000
$EndPAD
$PAD "8"
Shape Circle Layer both
position 19.390000  0.000000  size  1.600000  1.600000  orientation 0.00
drill  1.000000
shape_offset  0.000000  0.000000
$EndPAD
$PAD "9"
Shape Circle Layer both
position 22.160000  0.000000  size  1.600000  1.600000  orientation 0.00
drill  1.000000
shape_offset  0.000000  0.000000
$EndPAD
$PAD "10"
Shape Circle Layer both
position 24.930000  0.000000  size  1.600000  1.600000  orientation 0.00
drill  1.000000
shape_offset  0.000000  0.000000
$EndPAD
$PAD "11"
Shape Circle Layer both
position 27.700000  0.000000  size  1.600000  1.600000  orientation 0.00
drill  1.000000
shape_offset  0.000000  0.000000
$EndPAD
$PAD "12"
Shape Circle Layer both
position 30.470000  0.000000  size  1.600000  1.600000  orientation 0.00
drill  1.000000
shape_offset  0.000000  0.000000
$EndPAD
$PAD "13"
Shape Circle Layer both
position 33.240000  0.000000  size  1.600000  1.600000  orientation 0.00
drill  1.000000
shape_offset  0.000000  0.000000
$EndPAD
$PAD "14"
Shape Circle Layer both
position 36.010000  0.000000  size  1.600000  1.600000  orientation 0.00
drill  1.000000
shape_offset  0.000000  0.000000
$EndPAD
$PAD "15"
Shape Circle Layer both
position 38.780000  0.000000  size  1.600000  1.600000  orientation 0.00
drill  1.000000
shape_offset  0.000000  0.000000
$EndPAD
$PAD "16"
Shape Circle Layer both
position 41.550000  0.000000  size  1.600000  1.600000  orientation 0.00
drill  1.000000
shape_offset  0.000000  0.000000
$EndPAD
$PAD "17"
Shape Circle Layer both
position 44.320000  0.000000  size  1.600000  1.600000  orientation 0.00
drill  1.000000
shape_offset  0.000000  0.000000
$EndPAD
$PAD "18"
Shape Circle Layer both
position 47.090000  0.000000  size  1.600000  1.600000  orientation 0.00
drill  1.000000
shape_offset  0.000000  0.000000
$EndPAD
$PAD "19"
Shape Circle Layer both
position 49.860000  0.000000  size  1.600000  1.600000  orientation 0.00
drill  1.000000
shape_offset  0.000000  0.000000
$EndPAD
$PAD "20"
Shape Circle Layer both
position  1.385000  2.840000  size  1.600000  1.600000  orientation 0.00
drill  1.000000
shape_offset  0.000000  0.000000
$EndPAD
$PAD "21"
Shape Circle Layer both
position  4.155000  2.840000  size  1.600000  1.600000  orientation 0.00
drill  1.000000
shape_offset  0.000000  0.000000
$EndPAD
$PAD "22"
Shape Circle Layer both
position  6.925000  2.840000  size  1.600000  1.600000  orientation 0.00
drill  1.000000
shape_offset  0.000000  0.000000
$EndPAD
$PAD "23"
Shape Circle Layer both
position  9.695000  2.840000  size  1.600000  1.600000  orientation 0.00
drill  1.000000
shape_offset  0.000000  0.000000
$EndPAD
$PAD "24"
Shape Circle Layer both
position 12.465000  2.840000  size  1.600000  1.600000  orientation 0.00
drill  1.000000
shape_offset  0.000000  0.000000
$EndPAD
$PAD "25"
Shape Circle Layer both
position 15.235000  2.840000  size  1.600000  1.600000  orientation 0.00
drill  1.000000
shape_offset  0.000000  0.000000
$EndPAD
$PAD "26"
Shape Circle Layer both
position 18.005000  2.840000  size  1.600000  1.600000  orientation 0.00
drill  1.000000
shape_offset  0.000000  0.000000
$EndPAD
$PAD "27"
Shape Circle Layer both
position 20.775000  2.840000  size  1.600000  1.600000  orientation 0.00
drill  1.000000
shape_offset  0.000000  0.000000
$EndPAD
$PAD "28"
Shape Circle Layer both
position 23.545000  2.840000  size  1.600000  1.600000  orientation 0.00
drill  1.000000
shape_offset  0.000000  0.000000
$EndPAD
$PAD "29"
Shape Circle Layer both
position 26.315000  2.840000  size  1.600000  1.600000  orientation 0.00
drill  1.000000
shape_offset  0.000000  0.000000
$EndPAD
$PAD "30"
Shape Circle Layer both
position 29.085000  2.840000  size  1.600000  1.600000  orientation 0.00
drill  1.000000
shape_offset  0.000000  0.000000
$EndPAD
$PAD "31"
Shape Circle Layer both
position 31.855000  2.840000  size  1.600000  1.600000  orientation 0.00
drill  1.000000
shape_offset  0.000000  0.000000
$EndPAD
$PAD "32"
Shape Circle Layer both
position 34.625000  2.840000  size  1.600000  1.600000  orientation 0.00
drill  1.000000
shape_offset  0.000000  0.000000
$EndPAD
$PAD "33"
Shape Circle Layer both
position 37.395000  2.840000  size  1.600000  1.600000  orientation 0.00
drill  1.000000
shape_offset  0.000000  0.000000
$EndPAD
$PAD "34"
Shape Circle Layer both
position 40.165000  2.840000  size  1.600000  1.600000  orientation 0.00
drill  1.000000
shape_offset  0.000000  0.000000
$EndPAD
$PAD "35"
Shape Circle Layer both
position 42.935000  2.840000  size  1.600000  1.600000  orientation 0.00
drill  1.000000
shape_offset  0.000000  0.000000
$EndPAD
$PAD "36"
Shape Circle Layer both
position 45.705000  2.840000  size  1.600000  1.600000  orientation 0.00
drill  1.000000
shape_offset  0.000000  0.000000
$EndPAD
$PAD "37"
Shape Circle Layer both
position 48.475000  2.840000  size  1.600000  1.600000  orientation 0.00
drill  1.000000
shape_offset  0.000000  0.000000
$EndPAD
$EndMODULE  MFD_Main_2

$MODULE MountingHole_1
footprint MountingHole:MountingHole_3.2mm_M3
attribut virtual
position 106.582000 16.649100  orientation 0.00
layer front
$PAD ""
Shape Circle Layer both
position  0.000000  0.000000  size  3.200000  3.200000  orientation 0.00
drill  3.200000
shape_offset  0.000000  0.000000
$EndPAD
$EndMODULE  MountingHole_1

$MODULE MountingHole_2
footprint MountingHole:MountingHole_3.2mm_M3
attribut virtual
position 106.582000 136.649100  orientation 0.00
layer front
$PAD ""
Shape Circle Layer both
position -0.000014  0.000043  size  3.200000  3.200000  orientation 0.00
drill  3.200000
shape_offset  0.000000  0.000000
$EndPAD
$EndMODULE  MountingHole_2

$MODULE MountingHole_3
footprint MountingHole:MountingHole_3.2mm_M3
attribut virtual
position 226.582000 136.649100  orientation 0.00
layer front
$PAD ""
Shape Circle Layer both
position  0.000000  0.000000  size  3.200000  3.200000  orientation 0.00
drill  3.200000
shape_offset  0.000000  0.000000
$EndPAD
$EndMODULE  MountingHole_3

$MODULE MountingHole_4
footprint MountingHole:MountingHole_3.2mm_M3
attribut virtual
position 226.582000 16.649100  orientation 0.00
layer front
$PAD ""
Shape Circle Layer both
position  0.000000  0.000000  size  3.200000  3.200000  orientation 0.00
drill  3.200000
shape_offset  0.000000  0.000000
$EndPAD
$EndMODULE  MountingHole_4

$MODULE PFD_Main_1
footprint Connector_Dsub:DSUB-37_Male_Vertical_P2.77x2.84mm_MountingHoles
attribut none
position 116.582000 40.493100  orientation -90.00
layer front
$PAD "0"
Shape Circle Layer both
position -6.820000  1.420000  size  4.000000  4.000000  orientation 360.00
drill  3.200000
shape_offset  0.000000  0.000000
$EndPAD
$PAD "0"
Shape Circle Layer both
position 56.680000  1.420000  size  4.000000  4.000000  orientation 360.00
drill  3.200000
shape_offset  0.000000  0.000000
$EndPAD
$PAD "1"
Shape Rect Layer both
position  0.000000  0.000000  size  1.600000  1.600000  orientation 360.00
drill  1.000000
shape_offset  0.000000  0.000000
$EndPAD
$PAD "2"
Shape Circle Layer both
position  2.770000  0.000000  size  1.600000  1.600000  orientation 360.00
drill  1.000000
shape_offset  0.000000  0.000000
$EndPAD
$PAD "3"
Shape Circle Layer both
position  5.540000  0.000000  size  1.600000  1.600000  orientation 360.00
drill  1.000000
shape_offset  0.000000  0.000000
$EndPAD
$PAD "4"
Shape Circle Layer both
position  8.310000  0.000000  size  1.600000  1.600000  orientation 360.00
drill  1.000000
shape_offset  0.000000  0.000000
$EndPAD
$PAD "5"
Shape Circle Layer both
position 11.080000  0.000000  size  1.600000  1.600000  orientation 360.00
drill  1.000000
shape_offset  0.000000  0.000000
$EndPAD
$PAD "6"
Shape Circle Layer both
position 13.850000  0.000000  size  1.600000  1.600000  orientation 360.00
drill  1.000000
shape_offset  0.000000  0.000000
$EndPAD
$PAD "7"
Shape Circle Layer both
position 16.620000  0.000000  size  1.600000  1.600000  orientation 360.00
drill  1.000000
shape_offset  0.000000  0.000000
$EndPAD
$PAD "8"
Shape Circle Layer both
position 19.390000  0.000000  size  1.600000  1.600000  orientation 360.00
drill  1.000000
shape_offset  0.000000  0.000000
$EndPAD
$PAD "9"
Shape Circle Layer both
position 22.160000  0.000000  size  1.600000  1.600000  orientation 360.00
drill  1.000000
shape_offset  0.000000  0.000000
$EndPAD
$PAD "10"
Shape Circle Layer both
position 24.930000  0.000000  size  1.600000  1.600000  orientation 360.00
drill  1.000000
shape_offset  0.000000  0.000000
$EndPAD
$PAD "11"
Shape Circle Layer both
position 27.700000  0.000000  size  1.600000  1.600000  orientation 360.00
drill  1.000000
shape_offset  0.000000  0.000000
$EndPAD
$PAD "12"
Shape Circle Layer both
position 30.470000  0.000000  size  1.600000  1.600000  orientation 360.00
drill  1.000000
shape_offset  0.000000  0.000000
$EndPAD
$PAD "13"
Shape Circle Layer both
position 33.240000  0.000000  size  1.600000  1.600000  orientation 360.00
drill  1.000000
shape_offset  0.000000  0.000000
$EndPAD
$PAD "14"
Shape Circle Layer both
position 36.010000  0.000000  size  1.600000  1.600000  orientation 360.00
drill  1.000000
shape_offset  0.000000  0.000000
$EndPAD
$PAD "15"
Shape Circle Layer both
position 38.780000  0.000000  size  1.600000  1.600000  orientation 360.00
drill  1.000000
shape_offset  0.000000  0.000000
$EndPAD
$PAD "16"
Shape Circle Layer both
position 41.550000  0.000000  size  1.600000  1.600000  orientation 360.00
drill  1.000000
shape_offset  0.000000  0.000000
$EndPAD
$PAD "17"
Shape Circle Layer both
position 44.320000  0.000000  size  1.600000  1.600000  orientation 360.00
drill  1.000000
shape_offset  0.000000  0.000000
$EndPAD
$PAD "18"
Shape Circle Layer both
position 47.090000  0.000000  size  1.600000  1.600000  orientation 360.00
drill  1.000000
shape_offset  0.000000  0.000000
$EndPAD
$PAD "19"
Shape Circle Layer both
position 49.860000  0.000000  size  1.600000  1.600000  orientation 360.00
drill  1.000000
shape_offset  0.000000  0.000000
$EndPAD
$PAD "20"
Shape Circle Layer both
position  1.385000  2.840000  size  1.600000  1.600000  orientation 360.00
drill  1.000000
shape_offset  0.000000  0.000000
$EndPAD
$PAD "21"
Shape Circle Layer both
position  4.155000  2.840000  size  1.600000  1.600000  orientation 360.00
drill  1.000000
shape_offset  0.000000  0.000000
$EndPAD
$PAD "22"
Shape Circle Layer both
position  6.925000  2.840000  size  1.600000  1.600000  orientation 360.00
drill  1.000000
shape_offset  0.000000  0.000000
$EndPAD
$PAD "23"
Shape Circle Layer both
position  9.695000  2.840000  size  1.600000  1.600000  orientation 360.00
drill  1.000000
shape_offset  0.000000  0.000000
$EndPAD
$PAD "24"
Shape Circle Layer both
position 12.465000  2.840000  size  1.600000  1.600000  orientation 360.00
drill  1.000000
shape_offset  0.000000  0.000000
$EndPAD
$PAD "25"
Shape Circle Layer both
position 15.235000  2.840000  size  1.600000  1.600000  orientation 360.00
drill  1.000000
shape_offset  0.000000  0.000000
$EndPAD
$PAD "26"
Shape Circle Layer both
position 18.005000  2.840000  size  1.600000  1.600000  orientation 360.00
drill  1.000000
shape_offset  0.000000  0.000000
$EndPAD
$PAD "27"
Shape Circle Layer both
position 20.775000  2.840000  size  1.600000  1.600000  orientation 360.00
drill  1.000000
shape_offset  0.000000  0.000000
$EndPAD
$PAD "28"
Shape Circle Layer both
position 23.545000  2.840000  size  1.600000  1.600000  orientation 360.00
drill  1.000000
shape_offset  0.000000  0.000000
$EndPAD
$PAD "29"
Shape Circle Layer both
position 26.315000  2.840000  size  1.600000  1.600000  orientation 360.00
drill  1.000000
shape_offset  0.000000  0.000000
$EndPAD
$PAD "30"
Shape Circle Layer both
position 29.085000  2.840000  size  1.600000  1.600000  orientation 360.00
drill  1.000000
shape_offset  0.000000  0.000000
$EndPAD
$PAD "31"
Shape Circle Layer both
position 31.855000  2.840000  size  1.600000  1.600000  orientation 360.00
drill  1.000000
shape_offset  0.000000  0.000000
$EndPAD
$PAD "32"
Shape Circle Layer both
position 34.625000  2.840000  size  1.600000  1.600000  orientation 360.00
drill  1.000000
shape_offset  0.000000  0.000000
$EndPAD
$PAD "33"
Shape Circle Layer both
position 37.395000  2.840000  size  1.600000  1.600000  orientation 360.00
drill  1.000000
shape_offset  0.000000  0.000000
$EndPAD
$PAD "34"
Shape Circle Layer both
position 40.165000  2.840000  size  1.600000  1.600000  orientation 360.00
drill  1.000000
shape_offset  0.000000  0.000000
$EndPAD
$PAD "35"
Shape Circle Layer both
position 42.935000  2.840000  size  1.600000  1.600000  orientation 360.00
drill  1.000000
shape_offset  0.000000  0.000000
$EndPAD
$PAD "36"
Shape Circle Layer both
position 45.705000  2.840000  size  1.600000  1.600000  orientation 360.00
drill  1.000000
shape_offset  0.000000  0.000000
$EndPAD
$PAD "37"
Shape Circle Layer both
position 48.475000  2.840000  size  1.600000  1.600000  orientation 360.00
drill  1.000000
shape_offset  0.000000  0.000000
$EndPAD
$EndMODULE  PFD_Main_1

$MODULE Power_Input_1
footprint Connector_Dsub:DSUB-9_Male_Vertical_P2.77x2.84mm_MountingHoles
attribut none
position 161.424100 127.649100  orientation 0.00
layer front
$PAD "0"
Shape Circle Layer both
position -6.960000  1.420000  size  4.000000  4.000000  orientation 0.00
drill  3.200000
shape_offset  0.000000  0.000000
$EndPAD
$PAD "0"
Shape Circle Layer both
position 18.040000  1.420000  size  4.000000  4.000000  orientation 0.00
drill  3.200000
shape_offset  0.000000  0.000000
$EndPAD
$PAD "1"
Shape Rect Layer both
position  0.000000  0.000000  size  1.600000  1.600000  orientation 0.00
drill  1.000000
shape_offset  0.000000  0.000000
$EndPAD
$PAD "2"
Shape Circle Layer both
position  2.770000  0.000000  size  1.600000  1.600000  orientation 0.00
drill  1.000000
shape_offset  0.000000  0.000000
$EndPAD
$PAD "3"
Shape Circle Layer both
position  5.540000  0.000000  size  1.600000  1.600000  orientation 0.00
drill  1.000000
shape_offset  0.000000  0.000000
$EndPAD
$PAD "4"
Shape Circle Layer both
position  8.310000  0.000000  size  1.600000  1.600000  orientation 0.00
drill  1.000000
shape_offset  0.000000  0.000000
$EndPAD
$PAD "5"
Shape Circle Layer both
position 11.080000  0.000000  size  1.600000  1.600000  orientation 0.00
drill  1.000000
shape_offset  0.000000  0.000000
$EndPAD
$PAD "6"
Shape Circle Layer both
position  1.385000  2.840000  size  1.600000  1.600000  orientation 0.00
drill  1.000000
shape_offset  0.000000  0.000000
$EndPAD
$PAD "7"
Shape Circle Layer both
position  4.155000  2.840000  size  1.600000  1.600000  orientation 0.00
drill  1.000000
shape_offset  0.000000  0.000000
$EndPAD
$PAD "8"
Shape Circle Layer both
position  6.925000  2.840000  size  1.600000  1.600000  orientation 0.00
drill  1.000000
shape_offset  0.000000  0.000000
$EndPAD
$PAD "9"
Shape Circle Layer both
position  9.695000  2.840000  size  1.600000  1.600000  orientation 0.00
drill  1.000000
shape_offset  0.000000  0.000000
$EndPAD
$EndMODULE  Power_Input_1

$MODULE SkyView_1
footprint Connector_Dsub:DSUB-9_Male_Vertical_P2.77x2.84mm_MountingHoles
attribut none
position 181.582000 60.649100  orientation 0.00
layer front
$PAD "0"
Shape Circle Layer both
position 18.040000  1.420000  size  4.000000  4.000000  orientation 0.00
drill  3.200000
shape_offset  0.000000  0.000000
$EndPAD
$PAD "0"
Shape Circle Layer both
position -6.960000  1.420000  size  4.000000  4.000000  orientation 0.00
drill  3.200000
shape_offset  0.000000  0.000000
$EndPAD
$PAD "1"
Shape Rect Layer both
position  0.000000  0.000000  size  1.600000  1.600000  orientation 0.00
drill  1.000000
shape_offset  0.000000  0.000000
$EndPAD
$PAD "2"
Shape Circle Layer both
position  2.770000  0.000000  size  1.600000  1.600000  orientation 0.00
drill  1.000000
shape_offset  0.000000  0.000000
$EndPAD
$PAD "3"
Shape Circle Layer both
position  5.540000  0.000000  size  1.600000  1.600000  orientation 0.00
drill  1.000000
shape_offset  0.000000  0.000000
$EndPAD
$PAD "4"
Shape Circle Layer both
position  8.310000  0.000000  size  1.600000  1.600000  orientation 0.00
drill  1.000000
shape_offset  0.000000  0.000000
$EndPAD
$PAD "5"
Shape Circle Layer both
position 11.080000  0.000000  size  1.600000  1.600000  orientation 0.00
drill  1.000000
shape_offset  0.000000  0.000000
$EndPAD
$PAD "6"
Shape Circle Layer both
position  1.385000  2.840000  size  1.600000  1.600000  orientation 0.00
drill  1.000000
shape_offset  0.000000  0.000000
$EndPAD
$PAD "7"
Shape Circle Layer both
position  4.155000  2.840000  size  1.600000  1.600000  orientation 0.00
drill  1.000000
shape_offset  0.000000  0.000000
$EndPAD
$PAD "8"
Shape Circle Layer both
position  6.925000  2.840000  size  1.600000  1.600000  orientation 0.00
drill  1.000000
shape_offset  0.000000  0.000000
$EndPAD
$PAD "9"
Shape Circle Layer both
position  9.695000  2.840000  size  1.600000  1.600000  orientation 0.00
drill  1.000000
shape_offset  0.000000  0.000000
$EndPAD
$EndMODULE  SkyView_1

$MODULE SkyView_2
footprint Connector_Dsub:DSUB-9_Male_Vertical_P2.77x2.84mm_MountingHoles
attribut none
position 181.582000 77.649100  orientation 0.00
layer front
$PAD "0"
Shape Circle Layer both
position -6.960000  1.420000  size  4.000000  4.000000  orientation 0.00
drill  3.200000
shape_offset  0.000000  0.000000
$EndPAD
$PAD "0"
Shape Circle Layer both
position 18.040000  1.420000  size  4.000000  4.000000  orientation 0.00
drill  3.200000
shape_offset  0.000000  0.000000
$EndPAD
$PAD "1"
Shape Rect Layer both
position  0.000000  0.000000  size  1.600000  1.600000  orientation 0.00
drill  1.000000
shape_offset  0.000000  0.000000
$EndPAD
$PAD "2"
Shape Circle Layer both
position  2.770000  0.000000  size  1.600000  1.600000  orientation 0.00
drill  1.000000
shape_offset  0.000000  0.000000
$EndPAD
$PAD "3"
Shape Circle Layer both
position  5.540000  0.000000  size  1.600000  1.600000  orientation 0.00
drill  1.000000
shape_offset  0.000000  0.000000
$EndPAD
$PAD "4"
Shape Circle Layer both
position  8.310000  0.000000  size  1.600000  1.600000  orientation 0.00
drill  1.000000
shape_offset  0.000000  0.000000
$EndPAD
$PAD "5"
Shape Circle Layer both
position 11.080000  0.000000  size  1.600000  1.600000  orientation 0.00
drill  1.000000
shape_offset  0.000000  0.000000
$EndPAD
$PAD "6"
Shape Circle Layer both
position  1.385000  2.840000  size  1.600000  1.600000  orientation 0.00
drill  1.000000
shape_offset  0.000000  0.000000
$EndPAD
$PAD "7"
Shape Circle Layer both
position  4.155000  2.840000  size  1.600000  1.600000  orientation 0.00
drill  1.000000
shape_offset  0.000000  0.000000
$EndPAD
$PAD "8"
Shape Circle Layer both
position  6.925000  2.840000  size  1.600000  1.600000  orientation 0.00
drill  1.000000
shape_offset  0.000000  0.000000
$EndPAD
$PAD "9"
Shape Circle Layer both
position  9.695000  2.840000  size  1.600000  1.600000  orientation 0.00
drill  1.000000
shape_offset  0.000000  0.000000
$EndPAD
$EndMODULE  SkyView_2

$MODULE SkyView_3
footprint Connector_Dsub:DSUB-9_Male_Vertical_P2.77x2.84mm_MountingHoles
attribut none
position 181.582000 94.649100  orientation 0.00
layer front
$PAD "0"
Shape Circle Layer both
position -6.960000  1.420000  size  4.000000  4.000000  orientation 0.00
drill  3.200000
shape_offset  0.000000  0.000000
$EndPAD
$PAD "0"
Shape Circle Layer both
position 18.040000  1.420000  size  4.000000  4.000000  orientation 0.00
drill  3.200000
shape_offset  0.000000  0.000000
$EndPAD
$PAD "1"
Shape Rect Layer both
position  0.000000  0.000000  size  1.600000  1.600000  orientation 0.00
drill  1.000000
shape_offset  0.000000  0.000000
$EndPAD
$PAD "2"
Shape Circle Layer both
position  2.770000  0.000000  size  1.600000  1.600000  orientation 0.00
drill  1.000000
shape_offset  0.000000  0.000000
$EndPAD
$PAD "3"
Shape Circle Layer both
position  5.540000  0.000000  size  1.600000  1.600000  orientation 0.00
drill  1.000000
shape_offset  0.000000  0.000000
$EndPAD
$PAD "4"
Shape Circle Layer both
position  8.310000  0.000000  size  1.600000  1.600000  orientation 0.00
drill  1.000000
shape_offset  0.000000  0.000000
$EndPAD
$PAD "5"
Shape Circle Layer both
position 11.080000  0.000000  size  1.600000  1.600000  orientation 0.00
drill  1.000000
shape_offset  0.000000  0.000000
$EndPAD
$PAD "6"
Shape Circle Layer both
position  1.385000  2.840000  size  1.600000  1.600000  orientation 0.00
drill  1.000000
shape_offset  0.000000  0.000000
$EndPAD
$PAD "7"
Shape Circle Layer both
position  4.155000  2.840000  size  1.600000  1.600000  orientation 0.00
drill  1.000000
shape_offset  0.000000  0.000000
$EndPAD
$PAD "8"
Shape Circle Layer both
position  6.925000  2.840000  size  1.600000  1.600000  orientation 0.00
drill  1.000000
shape_offset  0.000000  0.000000
$EndPAD
$PAD "9"
Shape Circle Layer both
position  9.695000  2.840000  size  1.600000  1.600000  orientation 0.00
drill  1.000000
shape_offset  0.000000  0.000000
$EndPAD
$EndMODULE  SkyView_3

$MODULE VPX_Serial_3
footprint Connector_Dsub:DSUB-9_Male_Vertical_P2.77x2.84mm_MountingHoles
attribut none
position 141.582000 60.649100  orientation 0.00
layer front
$PAD "0"
Shape Circle Layer both
position -6.960000  1.420000  size  4.000000  4.000000  orientation 0.00
drill  3.200000
shape_offset  0.000000  0.000000
$EndPAD
$PAD "0"
Shape Circle Layer both
position 18.040000  1.420000  size  4.000000  4.000000  orientation 0.00
drill  3.200000
shape_offset  0.000000  0.000000
$EndPAD
$PAD "1"
Shape Rect Layer both
position  0.000000  0.000000  size  1.600000  1.600000  orientation 0.00
drill  1.000000
shape_offset  0.000000  0.000000
$EndPAD
$PAD "2"
Shape Circle Layer both
position  2.770000  0.000000  size  1.600000  1.600000  orientation 0.00
drill  1.000000
shape_offset  0.000000  0.000000
$EndPAD
$PAD "3"
Shape Circle Layer both
position  5.540000  0.000000  size  1.600000  1.600000  orientation 0.00
drill  1.000000
shape_offset  0.000000  0.000000
$EndPAD
$PAD "4"
Shape Circle Layer both
position  8.310000  0.000000  size  1.600000  1.600000  orientation 0.00
drill  1.000000
shape_offset  0.000000  0.000000
$EndPAD
$PAD "5"
Shape Circle Layer both
position 11.080000  0.000000  size  1.600000  1.600000  orientation 0.00
drill  1.000000
shape_offset  0.000000  0.000000
$EndPAD
$PAD "6"
Shape Circle Layer both
position  1.385000  2.840000  size  1.600000  1.600000  orientation 0.00
drill  1.000000
shape_offset  0.000000  0.000000
$EndPAD
$PAD "7"
Shape Circle Layer both
position  4.155000  2.840000  size  1.600000  1.600000  orientation 0.00
drill  1.000000
shape_offset  0.000000  0.000000
$EndPAD
$PAD "8"
Shape Circle Layer both
position  6.925000  2.840000  size  1.600000  1.600000  orientation 0.00
drill  1.000000
shape_offset  0.000000  0.000000
$EndPAD
$PAD "9"
Shape Circle Layer both
position  9.695000  2.840000  size  1.600000  1.600000  orientation 0.00
drill  1.000000
shape_offset  0.000000  0.000000
$EndPAD
$EndMODULE  VPX_Serial_3

$MODULE XPNDR_Serial_2
footprint Connector_Dsub:DSUB-9_Male_Vertical_P2.77x2.84mm_MountingHoles
attribut none
position 141.582000 43.649100  orientation 0.00
layer front
$PAD "0"
Shape Circle Layer both
position -6.960000  1.420000  size  4.000000  4.000000  orientation 0.00
drill  3.200000
shape_offset  0.000000  0.000000
$EndPAD
$PAD "0"
Shape Circle Layer both
position 18.040000  1.420000  size  4.000000  4.000000  orientation 0.00
drill  3.200000
shape_offset  0.000000  0.000000
$EndPAD
$PAD "1"
Shape Rect Layer both
position  0.000000  0.000000  size  1.600000  1.600000  orientation 0.00
drill  1.000000
shape_offset  0.000000  0.000000
$EndPAD
$PAD "2"
Shape Circle Layer both
position  2.770000  0.000000  size  1.600000  1.600000  orientation 0.00
drill  1.000000
shape_offset  0.000000  0.000000
$EndPAD
$PAD "3"
Shape Circle Layer both
position  5.540000  0.000000  size  1.600000  1.600000  orientation 0.00
drill  1.000000
shape_offset  0.000000  0.000000
$EndPAD
$PAD "4"
Shape Circle Layer both
position  8.310000  0.000000  size  1.600000  1.600000  orientation 0.00
drill  1.000000
shape_offset  0.000000  0.000000
$EndPAD
$PAD "5"
Shape Circle Layer both
position 11.080000  0.000000  size  1.600000  1.600000  orientation 0.00
drill  1.000000
shape_offset  0.000000  0.000000
$EndPAD
$PAD "6"
Shape Circle Layer both
position  1.385000  2.840000  size  1.600000  1.600000  orientation 0.00
drill  1.000000
shape_offset  0.000000  0.000000
$EndPAD
$PAD "7"
Shape Circle Layer both
position  4.155000  2.840000  size  1.600000  1.600000  orientation 0.00
drill  1.000000
shape_offset  0.000000  0.000000
$EndPAD
$PAD "8"
Shape Circle Layer both
position  6.925000  2.840000  size  1.600000  1.600000  orientation 0.00
drill  1.000000
shape_offset  0.000000  0.000000
$EndPAD
$PAD "9"
Shape Circle Layer both
position  9.695000  2.840000  size  1.600000  1.600000  orientation 0.00
drill  1.000000
shape_offset  0.000000  0.000000
$EndPAD
$EndMODULE  XPNDR_Serial_2

$EndDESCRIPTION
